{"meta": {"format": 3, "version": "7.11.0", "timestamp": "2025-10-23T12:09:37.962435", "branch_coverage": true, "show_contexts": false}, "files": {"src/mypylogger/__init__.py": {"executed_lines": [1, 3, 5, 7, 8, 10, 13, 16, 19, 29, 32, 38, 42], "summary": {"covered_lines": 12, "num_statements": 13, "percent_covered": 86.66666666666667, "percent_covered_display": "87", "missing_lines": 1, "excluded_lines": 0, "num_branches": 2, "num_partial_branches": 1, "covered_branches": 1, "missing_branches": 1}, "missing_lines": [11], "excluded_lines": [], "executed_branches": [[10, 13]], "missing_branches": [[10, 11]], "functions": {"get_logger": {"executed_lines": [29], "summary": {"covered_lines": 1, "num_statements": 1, "percent_covered": 100.0, "percent_covered_display": "100", "missing_lines": 0, "excluded_lines": 0, "num_branches": 0, "num_partial_branches": 0, "covered_branches": 0, "missing_branches": 0}, "missing_lines": [], "excluded_lines": [], "executed_branches": [], "missing_branches": []}, "get_version": {"executed_lines": [38], "summary": {"covered_lines": 1, "num_statements": 1, "percent_covered": 100.0, "percent_covered_display": "100", "missing_lines": 0, "excluded_lines": 0, "num_branches": 0, "num_partial_branches": 0, "covered_branches": 0, "missing_branches": 0}, "missing_lines": [], "excluded_lines": [], "executed_branches": [], "missing_branches": []}, "": {"executed_lines": [1, 3, 5, 7, 8, 10, 13, 16, 19, 32, 42], "summary": {"covered_lines": 10, "num_statements": 11, "percent_covered": 84.61538461538461, "percent_covered_display": "85", "missing_lines": 1, "excluded_lines": 0, "num_branches": 2, "num_partial_branches": 1, "covered_branches": 1, "missing_branches": 1}, "missing_lines": [11], "excluded_lines": [], "executed_branches": [[10, 13]], "missing_branches": [[10, 11]]}}, "classes": {"": {"executed_lines": [1, 3, 5, 7, 8, 10, 13, 16, 19, 29, 32, 38, 42], "summary": {"covered_lines": 12, "num_statements": 13, "percent_covered": 86.66666666666667, "percent_covered_display": "87", "missing_lines": 1, "excluded_lines": 0, "num_branches": 2, "num_partial_branches": 1, "covered_branches": 1, "missing_branches": 1}, "missing_lines": [11], "excluded_lines": [], "executed_branches": [[10, 13]], "missing_branches": [[10, 11]]}}}, "src/mypylogger/config.py": {"executed_lines": [1, 3, 5, 6, 7, 8, 9, 11, 14, 15, 16, 18, 19, 20, 21, 24, 32, 33, 35, 37, 43, 44, 45, 46, 47, 49, 55, 56, 57, 59, 68, 69, 70, 71, 73, 82, 83, 84, 85, 87, 96], "summary": {"covered_lines": 38, "num_statements": 38, "percent_covered": 100.0, "percent_covered_display": "100", "missing_lines": 0, "excluded_lines": 0, "num_branches": 2, "num_partial_branches": 0, "covered_branches": 2, "missing_branches": 0}, "missing_lines": [], "excluded_lines": [], "executed_branches": [[69, 70], [69, 71]], "missing_branches": [], "functions": {"ConfigResolver.resolve_config": {"executed_lines": [43, 44, 45, 46, 47, 49, 55, 56, 57], "summary": {"covered_lines": 9, "num_statements": 9, "percent_covered": 100.0, "percent_covered_display": "100", "missing_lines": 0, "excluded_lines": 0, "num_branches": 0, "num_partial_branches": 0, "covered_branches": 0, "missing_branches": 0}, "missing_lines": [], "excluded_lines": [], "executed_branches": [], "missing_branches": []}, "ConfigResolver._get_safe_log_level": {"executed_lines": [68, 69, 70, 71], "summary": {"covered_lines": 4, "num_statements": 4, "percent_covered": 100.0, "percent_covered_display": "100", "missing_lines": 0, "excluded_lines": 0, "num_branches": 2, "num_partial_branches": 0, "covered_branches": 2, "missing_branches": 0}, "missing_lines": [], "excluded_lines": [], "executed_branches": [[69, 70], [69, 71]], "missing_branches": []}, "ConfigResolver._get_safe_file_dir": {"executed_lines": [82, 83, 84, 85], "summary": {"covered_lines": 4, "num_statements": 4, "percent_covered": 100.0, "percent_covered_display": "100", "missing_lines": 0, "excluded_lines": 0, "num_branches": 0, "num_partial_branches": 0, "covered_branches": 0, "missing_branches": 0}, "missing_lines": [], "excluded_lines": [], "executed_branches": [], "missing_branches": []}, "ConfigResolver._parse_bool": {"executed_lines": [96], "summary": {"covered_lines": 1, "num_statements": 1, "percent_covered": 100.0, "percent_covered_display": "100", "missing_lines": 0, "excluded_lines": 0, "num_branches": 0, "num_partial_branches": 0, "covered_branches": 0, "missing_branches": 0}, "missing_lines": [], "excluded_lines": [], "executed_branches": [], "missing_branches": []}, "": {"executed_lines": [1, 3, 5, 6, 7, 8, 9, 11, 14, 15, 16, 18, 19, 20, 21, 24, 32, 33, 35, 37, 59, 73, 87], "summary": {"covered_lines": 20, "num_statements": 20, "percent_covered": 100.0, "percent_covered_display": "100", "missing_lines": 0, "excluded_lines": 0, "num_branches": 0, "num_partial_branches": 0, "covered_branches": 0, "missing_branches": 0}, "missing_lines": [], "excluded_lines": [], "executed_branches": [], "missing_branches": []}}, "classes": {"LogConfig": {"executed_lines": [], "summary": {"covered_lines": 0, "num_statements": 0, "percent_covered": 100.0, "percent_covered_display": "100", "missing_lines": 0, "excluded_lines": 0, "num_branches": 0, "num_partial_branches": 0, "covered_branches": 0, "missing_branches": 0}, "missing_lines": [], "excluded_lines": [], "executed_branches": [], "missing_branches": []}, "ConfigResolver": {"executed_lines": [43, 44, 45, 46, 47, 49, 55, 56, 57, 68, 69, 70, 71, 82, 83, 84, 85, 96], "summary": {"covered_lines": 18, "num_statements": 18, "percent_covered": 100.0, "percent_covered_display": "100", "missing_lines": 0, "excluded_lines": 0, "num_branches": 2, "num_partial_branches": 0, "covered_branches": 2, "missing_branches": 0}, "missing_lines": [], "excluded_lines": [], "executed_branches": [[69, 70], [69, 71]], "missing_branches": []}, "": {"executed_lines": [1, 3, 5, 6, 7, 8, 9, 11, 14, 15, 16, 18, 19, 20, 21, 24, 32, 33, 35, 37, 59, 73, 87], "summary": {"covered_lines": 20, "num_statements": 20, "percent_covered": 100.0, "percent_covered_display": "100", "missing_lines": 0, "excluded_lines": 0, "num_branches": 0, "num_partial_branches": 0, "covered_branches": 0, "missing_branches": 0}, "missing_lines": [], "excluded_lines": [], "executed_branches": [], "missing_branches": []}}}, "src/mypylogger/core.py": {"executed_lines": [1, 3, 5, 6, 7, 8, 10, 11, 14, 15, 17, 19, 20, 21, 22, 24, 33, 35, 38, 41, 42, 43, 44, 46, 48, 49, 51, 53, 60, 62, 63, 66, 67, 70, 71, 72, 73, 76, 78, 79, 81, 91, 92, 95, 96, 97, 100, 101, 102, 103, 104, 105, 106, 107, 109, 112, 114, 123, 125, 131, 132, 133, 136], "summary": {"covered_lines": 61, "num_statements": 61, "percent_covered": 100.0, "percent_covered_display": "100", "missing_lines": 0, "excluded_lines": 0, "num_branches": 14, "num_partial_branches": 0, "covered_branches": 14, "missing_branches": 0}, "missing_lines": [], "excluded_lines": [], "executed_branches": [[41, 42], [41, 46], [70, 71], [70, 76], [72, 73], [72, 76], [91, 92], [91, 95], [96, 97], [96, 100], [102, 103], [102, 112], [105, 106], [105, 112]], "missing_branches": [], "functions": {"LoggerManager.__init__": {"executed_lines": [19, 20, 21, 22], "summary": {"covered_lines": 4, "num_statements": 4, "percent_covered": 100.0, "percent_covered_display": "100", "missing_lines": 0, "excluded_lines": 0, "num_branches": 0, "num_partial_branches": 0, "covered_branches": 0, "missing_branches": 0}, "missing_lines": [], "excluded_lines": [], "executed_branches": [], "missing_branches": []}, "LoggerManager.get_or_create_logger": {"executed_lines": [33, 35, 38, 41, 42, 43, 44, 46, 48, 49, 51], "summary": {"covered_lines": 11, "num_statements": 11, "percent_covered": 100.0, "percent_covered_display": "100", "missing_lines": 0, "excluded_lines": 0, "num_branches": 2, "num_partial_branches": 0, "covered_branches": 2, "missing_branches": 0}, "missing_lines": [], "excluded_lines": [], "executed_branches": [[41, 42], [41, 46]], "missing_branches": []}, "LoggerManager.configure_logger": {"executed_lines": [60, 62, 63, 66, 67, 70, 71, 72, 73, 76, 78, 79], "summary": {"covered_lines": 12, "num_statements": 12, "percent_covered": 100.0, "percent_covered_display": "100", "missing_lines": 0, "excluded_lines": 0, "num_branches": 4, "num_partial_branches": 0, "covered_branches": 4, "missing_branches": 0}, "missing_lines": [], "excluded_lines": [], "executed_branches": [[70, 71], [70, 76], [72, 73], [72, 76]], "missing_branches": []}, "LoggerManager._resolve_logger_name": {"executed_lines": [91, 92, 95, 96, 97, 100, 101, 102, 103, 104, 105, 106, 107, 109, 112], "summary": {"covered_lines": 15, "num_statements": 15, "percent_covered": 100.0, "percent_covered_display": "100", "missing_lines": 0, "excluded_lines": 0, "num_branches": 8, "num_partial_branches": 0, "covered_branches": 8, "missing_branches": 0}, "missing_lines": [], "excluded_lines": [], "executed_branches": [[91, 92], [91, 95], [96, 97], [96, 100], [102, 103], [102, 112], [105, 106], [105, 112]], "missing_branches": []}, "LoggerManager._is_logger_configured": {"executed_lines": [123], "summary": {"covered_lines": 1, "num_statements": 1, "percent_covered": 100.0, "percent_covered_display": "100", "missing_lines": 0, "excluded_lines": 0, "num_branches": 0, "num_partial_branches": 0, "covered_branches": 0, "missing_branches": 0}, "missing_lines": [], "excluded_lines": [], "executed_branches": [], "missing_branches": []}, "LoggerManager._log_library_error": {"executed_lines": [131, 132, 133, 136], "summary": {"covered_lines": 4, "num_statements": 4, "percent_covered": 100.0, "percent_covered_display": "100", "missing_lines": 0, "excluded_lines": 0, "num_branches": 0, "num_partial_branches": 0, "covered_branches": 0, "missing_branches": 0}, "missing_lines": [], "excluded_lines": [], "executed_branches": [], "missing_branches": []}, "": {"executed_lines": [1, 3, 5, 6, 7, 8, 10, 11, 14, 15, 17, 24, 53, 81, 114, 125], "summary": {"covered_lines": 14, "num_statements": 14, "percent_covered": 100.0, "percent_covered_display": "100", "missing_lines": 0, "excluded_lines": 0, "num_branches": 0, "num_partial_branches": 0, "covered_branches": 0, "missing_branches": 0}, "missing_lines": [], "excluded_lines": [], "executed_branches": [], "missing_branches": []}}, "classes": {"LoggerManager": {"executed_lines": [19, 20, 21, 22, 33, 35, 38, 41, 42, 43, 44, 46, 48, 49, 51, 60, 62, 63, 66, 67, 70, 71, 72, 73, 76, 78, 79, 91, 92, 95, 96, 97, 100, 101, 102, 103, 104, 105, 106, 107, 109, 112, 123, 131, 132, 133, 136], "summary": {"covered_lines": 47, "num_statements": 47, "percent_covered": 100.0, "percent_covered_display": "100", "missing_lines": 0, "excluded_lines": 0, "num_branches": 14, "num_partial_branches": 0, "covered_branches": 14, "missing_branches": 0}, "missing_lines": [], "excluded_lines": [], "executed_branches": [[41, 42], [41, 46], [70, 71], [70, 76], [72, 73], [72, 76], [91, 92], [91, 95], [96, 97], [96, 100], [102, 103], [102, 112], [105, 106], [105, 112]], "missing_branches": []}, "": {"executed_lines": [1, 3, 5, 6, 7, 8, 10, 11, 14, 15, 17, 24, 53, 81, 114, 125], "summary": {"covered_lines": 14, "num_statements": 14, "percent_covered": 100.0, "percent_covered_display": "100", "missing_lines": 0, "excluded_lines": 0, "num_branches": 0, "num_partial_branches": 0, "covered_branches": 0, "missing_branches": 0}, "missing_lines": [], "excluded_lines": [], "executed_branches": [], "missing_branches": []}}}, "src/mypylogger/exceptions.py": {"executed_lines": [1, 4, 5, 8, 9, 12, 13, 16, 17], "summary": {"covered_lines": 4, "num_statements": 4, "percent_covered": 100.0, "percent_covered_display": "100", "missing_lines": 0, "excluded_lines": 0, "num_branches": 0, "num_partial_branches": 0, "covered_branches": 0, "missing_branches": 0}, "missing_lines": [], "excluded_lines": [], "executed_branches": [], "missing_branches": [], "functions": {"": {"executed_lines": [1, 4, 5, 8, 9, 12, 13, 16, 17], "summary": {"covered_lines": 4, "num_statements": 4, "percent_covered": 100.0, "percent_covered_display": "100", "missing_lines": 0, "excluded_lines": 0, "num_branches": 0, "num_partial_branches": 0, "covered_branches": 0, "missing_branches": 0}, "missing_lines": [], "excluded_lines": [], "executed_branches": [], "missing_branches": []}}, "classes": {"MypyloggerError": {"executed_lines": [], "summary": {"covered_lines": 0, "num_statements": 0, "percent_covered": 100.0, "percent_covered_display": "100", "missing_lines": 0, "excluded_lines": 0, "num_branches": 0, "num_partial_branches": 0, "covered_branches": 0, "missing_branches": 0}, "missing_lines": [], "excluded_lines": [], "executed_branches": [], "missing_branches": []}, "ConfigurationError": {"executed_lines": [], "summary": {"covered_lines": 0, "num_statements": 0, "percent_covered": 100.0, "percent_covered_display": "100", "missing_lines": 0, "excluded_lines": 0, "num_branches": 0, "num_partial_branches": 0, "covered_branches": 0, "missing_branches": 0}, "missing_lines": [], "excluded_lines": [], "executed_branches": [], "missing_branches": []}, "FormattingError": {"executed_lines": [], "summary": {"covered_lines": 0, "num_statements": 0, "percent_covered": 100.0, "percent_covered_display": "100", "missing_lines": 0, "excluded_lines": 0, "num_branches": 0, "num_partial_branches": 0, "covered_branches": 0, "missing_branches": 0}, "missing_lines": [], "excluded_lines": [], "executed_branches": [], "missing_branches": []}, "HandlerError": {"executed_lines": [], "summary": {"covered_lines": 0, "num_statements": 0, "percent_covered": 100.0, "percent_covered_display": "100", "missing_lines": 0, "excluded_lines": 0, "num_branches": 0, "num_partial_branches": 0, "covered_branches": 0, "missing_branches": 0}, "missing_lines": [], "excluded_lines": [], "executed_branches": [], "missing_branches": []}, "": {"executed_lines": [1, 4, 5, 8, 9, 12, 13, 16, 17], "summary": {"covered_lines": 4, "num_statements": 4, "percent_covered": 100.0, "percent_covered_display": "100", "missing_lines": 0, "excluded_lines": 0, "num_branches": 0, "num_partial_branches": 0, "covered_branches": 0, "missing_branches": 0}, "missing_lines": [], "excluded_lines": [], "executed_branches": [], "missing_branches": []}}}, "src/mypylogger/formatters.py": {"executed_lines": [1, 3, 5, 6, 7, 8, 9, 10, 12, 16, 19, 20, 22, 31, 33, 36, 39, 40, 43, 44, 45, 47, 48, 54, 56, 57, 59, 68, 70, 74, 75, 76, 77, 80, 86, 87, 88, 90, 97, 98, 101, 102, 103, 104, 106, 113, 115, 122, 135, 145, 155, 158, 160, 169, 172, 203, 204, 205, 206, 208, 209, 210, 212, 215, 224, 225, 226, 228, 229, 230, 232, 235, 236, 238, 239, 241, 243, 252, 263, 265, 274, 275, 277, 278, 279, 281, 282, 283, 285, 294, 296, 297, 299, 302, 304, 310, 311, 312, 315], "summary": {"covered_lines": 97, "num_statements": 104, "percent_covered": 92.5, "percent_covered_display": "92", "missing_lines": 7, "excluded_lines": 0, "num_branches": 16, "num_partial_branches": 2, "covered_branches": 14, "missing_branches": 2}, "missing_lines": [13, 49, 51, 52, 216, 218, 221], "excluded_lines": [], "executed_branches": [[12, 16], [75, 76], [75, 101], [80, 86], [80, 97], [203, 204], [203, 224], [204, 205], [204, 224], [205, 206], [224, 225], [224, 241], [225, 224], [225, 226]], "missing_branches": [[12, 13], [205, 204]], "functions": {"SourceLocationJSONFormatter.format": {"executed_lines": [31, 33, 36, 39, 40, 43, 44, 45, 47, 48, 54, 56, 57], "summary": {"covered_lines": 13, "num_statements": 16, "percent_covered": 81.25, "percent_covered_display": "81", "missing_lines": 3, "excluded_lines": 0, "num_branches": 0, "num_partial_branches": 0, "covered_branches": 0, "missing_branches": 0}, "missing_lines": [49, 51, 52], "excluded_lines": [], "executed_branches": [], "missing_branches": []}, "SourceLocationJSONFormatter._extract_source_location": {"executed_lines": [68, 70, 74, 75, 76, 77, 80, 86, 87, 88, 90, 97, 98, 101, 102, 103, 104, 106, 113, 115], "summary": {"covered_lines": 20, "num_statements": 20, "percent_covered": 100.0, "percent_covered_display": "100", "missing_lines": 0, "excluded_lines": 0, "num_branches": 4, "num_partial_branches": 0, "covered_branches": 4, "missing_branches": 0}, "missing_lines": [], "excluded_lines": [], "executed_branches": [[75, 76], [75, 101], [80, 86], [80, 97]], "missing_branches": []}, "SourceLocationJSONFormatter._build_json_record": {"executed_lines": [135], "summary": {"covered_lines": 1, "num_statements": 1, "percent_covered": 100.0, "percent_covered_display": "100", "missing_lines": 0, "excluded_lines": 0, "num_branches": 0, "num_partial_branches": 0, "covered_branches": 0, "missing_branches": 0}, "missing_lines": [], "excluded_lines": [], "executed_branches": [], "missing_branches": []}, "SourceLocationJSONFormatter._format_timestamp": {"executed_lines": [155, 158], "summary": {"covered_lines": 2, "num_statements": 2, "percent_covered": 100.0, "percent_covered_display": "100", "missing_lines": 0, "excluded_lines": 0, "num_branches": 0, "num_partial_branches": 0, "covered_branches": 0, "missing_branches": 0}, "missing_lines": [], "excluded_lines": [], "executed_branches": [], "missing_branches": []}, "SourceLocationJSONFormatter._handle_custom_fields": {"executed_lines": [169, 172, 203, 204, 205, 206, 208, 209, 210, 212, 215, 224, 225, 226, 228, 229, 230, 232, 235, 236, 238, 239, 241], "summary": {"covered_lines": 23, "num_statements": 26, "percent_covered": 88.88888888888889, "percent_covered_display": "89", "missing_lines": 3, "excluded_lines": 0, "num_branches": 10, "num_partial_branches": 1, "covered_branches": 9, "missing_branches": 1}, "missing_lines": [216, 218, 221], "excluded_lines": [], "executed_branches": [[203, 204], [203, 224], [204, 205], [204, 224], [205, 206], [224, 225], [224, 241], [225, 224], [225, 226]], "missing_branches": [[205, 204]]}, "SourceLocationJSONFormatter._is_logging_internal": {"executed_lines": [252, 263], "summary": {"covered_lines": 2, "num_statements": 2, "percent_covered": 100.0, "percent_covered_display": "100", "missing_lines": 0, "excluded_lines": 0, "num_branches": 0, "num_partial_branches": 0, "covered_branches": 0, "missing_branches": 0}, "missing_lines": [], "excluded_lines": [], "executed_branches": [], "missing_branches": []}, "SourceLocationJSONFormatter._get_relative_filename": {"executed_lines": [274, 275, 277, 278, 279, 281, 282, 283], "summary": {"covered_lines": 8, "num_statements": 8, "percent_covered": 100.0, "percent_covered_display": "100", "missing_lines": 0, "excluded_lines": 0, "num_branches": 0, "num_partial_branches": 0, "covered_branches": 0, "missing_branches": 0}, "missing_lines": [], "excluded_lines": [], "executed_branches": [], "missing_branches": []}, "SourceLocationJSONFormatter._fallback_to_plain_text": {"executed_lines": [294, 296, 297, 299, 302], "summary": {"covered_lines": 5, "num_statements": 5, "percent_covered": 100.0, "percent_covered_display": "100", "missing_lines": 0, "excluded_lines": 0, "num_branches": 0, "num_partial_branches": 0, "covered_branches": 0, "missing_branches": 0}, "missing_lines": [], "excluded_lines": [], "executed_branches": [], "missing_branches": []}, "SourceLocationJSONFormatter._log_formatting_error": {"executed_lines": [310, 311, 312, 315], "summary": {"covered_lines": 4, "num_statements": 4, "percent_covered": 100.0, "percent_covered_display": "100", "missing_lines": 0, "excluded_lines": 0, "num_branches": 0, "num_partial_branches": 0, "covered_branches": 0, "missing_branches": 0}, "missing_lines": [], "excluded_lines": [], "executed_branches": [], "missing_branches": []}, "": {"executed_lines": [1, 3, 5, 6, 7, 8, 9, 10, 12, 16, 19, 20, 22, 59, 122, 145, 160, 243, 265, 285, 304], "summary": {"covered_lines": 19, "num_statements": 20, "percent_covered": 90.9090909090909, "percent_covered_display": "91", "missing_lines": 1, "excluded_lines": 0, "num_branches": 2, "num_partial_branches": 1, "covered_branches": 1, "missing_branches": 1}, "missing_lines": [13], "excluded_lines": [], "executed_branches": [[12, 16]], "missing_branches": [[12, 13]]}}, "classes": {"SourceLocationJSONFormatter": {"executed_lines": [31, 33, 36, 39, 40, 43, 44, 45, 47, 48, 54, 56, 57, 68, 70, 74, 75, 76, 77, 80, 86, 87, 88, 90, 97, 98, 101, 102, 103, 104, 106, 113, 115, 135, 155, 158, 169, 172, 203, 204, 205, 206, 208, 209, 210, 212, 215, 224, 225, 226, 228, 229, 230, 232, 235, 236, 238, 239, 241, 252, 263, 274, 275, 277, 278, 279, 281, 282, 283, 294, 296, 297, 299, 302, 310, 311, 312, 315], "summary": {"covered_lines": 78, "num_statements": 84, "percent_covered": 92.85714285714286, "percent_covered_display": "93", "missing_lines": 6, "excluded_lines": 0, "num_branches": 14, "num_partial_branches": 1, "covered_branches": 13, "missing_branches": 1}, "missing_lines": [49, 51, 52, 216, 218, 221], "excluded_lines": [], "executed_branches": [[75, 76], [75, 101], [80, 86], [80, 97], [203, 204], [203, 224], [204, 205], [204, 224], [205, 206], [224, 225], [224, 241], [225, 224], [225, 226]], "missing_branches": [[205, 204]]}, "": {"executed_lines": [1, 3, 5, 6, 7, 8, 9, 10, 12, 16, 19, 20, 22, 59, 122, 145, 160, 243, 265, 285, 304], "summary": {"covered_lines": 19, "num_statements": 20, "percent_covered": 90.9090909090909, "percent_covered_display": "91", "missing_lines": 1, "excluded_lines": 0, "num_branches": 2, "num_partial_branches": 1, "covered_branches": 1, "missing_branches": 1}, "missing_lines": [13], "excluded_lines": [], "executed_branches": [[12, 16]], "missing_branches": [[12, 13]]}}}, "src/mypylogger/handlers.py": {"executed_lines": [1, 3, 5, 6, 7, 8, 9, 10, 12, 13, 15, 19, 20, 22, 24, 26, 32, 33, 34, 36, 38, 39, 40, 42, 43, 44, 45, 46, 48, 57, 58, 60, 62, 63, 66, 69, 70, 73, 74, 77, 79, 80, 81, 82, 84, 86, 88, 89, 90, 91, 92, 93, 95, 104, 105, 106, 107, 109, 118, 119, 120, 121, 122, 125, 126, 127, 128, 130, 131, 132, 133, 135, 141, 142, 143, 146], "summary": {"covered_lines": 74, "num_statements": 75, "percent_covered": 97.59036144578313, "percent_covered_display": "98", "missing_lines": 1, "excluded_lines": 0, "num_branches": 8, "num_partial_branches": 1, "covered_branches": 7, "missing_branches": 1}, "missing_lines": [16], "excluded_lines": [], "executed_branches": [[15, 19], [57, 58], [57, 60], [62, 63], [62, 69], [80, 81], [80, 82]], "missing_branches": [[15, 16]], "functions": {"HandlerFactory.__init__": {"executed_lines": [24], "summary": {"covered_lines": 1, "num_statements": 1, "percent_covered": 100.0, "percent_covered_display": "100", "missing_lines": 0, "excluded_lines": 0, "num_branches": 0, "num_partial_branches": 0, "covered_branches": 0, "missing_branches": 0}, "missing_lines": [], "excluded_lines": [], "executed_branches": [], "missing_branches": []}, "HandlerFactory.create_console_handler": {"executed_lines": [32, 33, 34, 36, 38, 42, 43, 44, 45, 46], "summary": {"covered_lines": 10, "num_statements": 10, "percent_covered": 100.0, "percent_covered_display": "100", "missing_lines": 0, "excluded_lines": 0, "num_branches": 0, "num_partial_branches": 0, "covered_branches": 0, "missing_branches": 0}, "missing_lines": [], "excluded_lines": [], "executed_branches": [], "missing_branches": []}, "HandlerFactory.create_console_handler.custom_flush": {"executed_lines": [39, 40], "summary": {"covered_lines": 2, "num_statements": 2, "percent_covered": 100.0, "percent_covered_display": "100", "missing_lines": 0, "excluded_lines": 0, "num_branches": 0, "num_partial_branches": 0, "covered_branches": 0, "missing_branches": 0}, "missing_lines": [], "excluded_lines": [], "executed_branches": [], "missing_branches": []}, "HandlerFactory.create_file_handler": {"executed_lines": [57, 58, 60, 62, 63, 66, 69, 70, 73, 74, 77, 79, 84, 86, 88, 89, 90, 91, 92, 93], "summary": {"covered_lines": 20, "num_statements": 20, "percent_covered": 100.0, "percent_covered_display": "100", "missing_lines": 0, "excluded_lines": 0, "num_branches": 4, "num_partial_branches": 0, "covered_branches": 4, "missing_branches": 0}, "missing_lines": [], "excluded_lines": [], "executed_branches": [[57, 58], [57, 60], [62, 63], [62, 69]], "missing_branches": []}, "HandlerFactory.create_file_handler.custom_flush": {"executed_lines": [80, 81, 82], "summary": {"covered_lines": 3, "num_statements": 3, "percent_covered": 100.0, "percent_covered_display": "100", "missing_lines": 0, "excluded_lines": 0, "num_branches": 2, "num_partial_branches": 0, "covered_branches": 2, "missing_branches": 0}, "missing_lines": [], "excluded_lines": [], "executed_branches": [[80, 81], [80, 82]], "missing_branches": []}, "HandlerFactory._generate_log_filename": {"executed_lines": [104, 105, 106, 107], "summary": {"covered_lines": 4, "num_statements": 4, "percent_covered": 100.0, "percent_covered_display": "100", "missing_lines": 0, "excluded_lines": 0, "num_branches": 0, "num_partial_branches": 0, "covered_branches": 0, "missing_branches": 0}, "missing_lines": [], "excluded_lines": [], "executed_branches": [], "missing_branches": []}, "HandlerFactory._ensure_log_directory": {"executed_lines": [118, 119, 120, 121, 122, 125, 126, 127, 128, 130, 131, 132, 133], "summary": {"covered_lines": 13, "num_statements": 13, "percent_covered": 100.0, "percent_covered_display": "100", "missing_lines": 0, "excluded_lines": 0, "num_branches": 0, "num_partial_branches": 0, "covered_branches": 0, "missing_branches": 0}, "missing_lines": [], "excluded_lines": [], "executed_branches": [], "missing_branches": []}, "HandlerFactory._log_handler_error": {"executed_lines": [141, 142, 143, 146], "summary": {"covered_lines": 4, "num_statements": 4, "percent_covered": 100.0, "percent_covered_display": "100", "missing_lines": 0, "excluded_lines": 0, "num_branches": 0, "num_partial_branches": 0, "covered_branches": 0, "missing_branches": 0}, "missing_lines": [], "excluded_lines": [], "executed_branches": [], "missing_branches": []}, "": {"executed_lines": [1, 3, 5, 6, 7, 8, 9, 10, 12, 13, 15, 19, 20, 22, 26, 48, 95, 109, 135], "summary": {"covered_lines": 17, "num_statements": 18, "percent_covered": 90.0, "percent_covered_display": "90", "missing_lines": 1, "excluded_lines": 0, "num_branches": 2, "num_partial_branches": 1, "covered_branches": 1, "missing_branches": 1}, "missing_lines": [16], "excluded_lines": [], "executed_branches": [[15, 19]], "missing_branches": [[15, 16]]}}, "classes": {"HandlerFactory": {"executed_lines": [24, 32, 33, 34, 36, 38, 39, 40, 42, 43, 44, 45, 46, 57, 58, 60, 62, 63, 66, 69, 70, 73, 74, 77, 79, 80, 81, 82, 84, 86, 88, 89, 90, 91, 92, 93, 104, 105, 106, 107, 118, 119, 120, 121, 122, 125, 126, 127, 128, 130, 131, 132, 133, 141, 142, 143, 146], "summary": {"covered_lines": 57, "num_statements": 57, "percent_covered": 100.0, "percent_covered_display": "100", "missing_lines": 0, "excluded_lines": 0, "num_branches": 6, "num_partial_branches": 0, "covered_branches": 6, "missing_branches": 0}, "missing_lines": [], "excluded_lines": [], "executed_branches": [[57, 58], [57, 60], [62, 63], [62, 69], [80, 81], [80, 82]], "missing_branches": []}, "": {"executed_lines": [1, 3, 5, 6, 7, 8, 9, 10, 12, 13, 15, 19, 20, 22, 26, 48, 95, 109, 135], "summary": {"covered_lines": 17, "num_statements": 18, "percent_covered": 90.0, "percent_covered_display": "90", "missing_lines": 1, "excluded_lines": 0, "num_branches": 2, "num_partial_branches": 1, "covered_branches": 1, "missing_branches": 1}, "missing_lines": [16], "excluded_lines": [], "executed_branches": [[15, 19]], "missing_branches": [[15, 16]]}}}}, "totals": {"covered_lines": 286, "num_statements": 295, "percent_covered": 96.14243323442136, "percent_covered_display": "96", "missing_lines": 9, "excluded_lines": 0, "num_branches": 42, "num_partial_branches": 4, "covered_branches": 38, "missing_branches": 4}}